<?xml version="1.0" encoding="UTF-8"?>
<!-- Generated by org.testng.reporters.JUnitXMLReporter -->
<testsuite ignored="0" hostname="LAPTOP-Q98OKOC0" failures="0" tests="7" name="OrangeHrm" time="36.286" errors="0" timestamp="2023-08-13T01:27:47 IST">
  <testcase classname="OrangeHRM_SmokeTest.Testcase1_Admin" name="Admin_UserRole" time="3.248"/>
  <testcase classname="OrangeHRM_SmokeTest.Testcase1_Admin" name="Admin_EmployeeName" time="5.154"/>
  <testcase classname="OrangeHRM_SmokeTest.Testcase1_Admin" name="Admin_Status" time="2.148"/>
  <testcase classname="OrangeHRM_SmokeTest.Testcase1_Admin" name="Admin_Username" time="2.072"/>
  <testcase classname="OrangeHRM_SmokeTest.Testcase1_Admin" name="Admin_Password" time="2.075"/>
  <testcase classname="OrangeHRM_SmokeTest.Testcase1_Admin" name="Admin_ConfirmPassword" time="7.159"/>
  <testcase classname="OrangeHRM_SmokeTest.Testcase1_Admin" name="Admin_SystemUsername" time="1.387"/>
</testsuite> <!-- OrangeHrm -->
