<?xml version="1.0" encoding="UTF-8"?>
<!-- Generated by org.testng.reporters.JUnitXMLReporter -->
<testsuite ignored="0" hostname="LAPTOP-Q98OKOC0" failures="0" tests="1" name="Test" time="0.049" errors="0" timestamp="2023-11-29T21:50:15 IST">
  <testcase classname="BusBooking.Available_Busses" name="@BeforeClass Start" time="-1.701274815745E9">
    <failure type="org.testng.TestNGException" message="
Can inject only one of &amp;lt;ITestContext, XmlTest&amp;gt; into a @BeforeClass annotated Start.
For more information on native dependency injection please refer to https://testng.org/doc/documentation-main.html#native-dependency-injection">
      <![CDATA[org.testng.TestNGException: 
Can inject only one of <ITestContext, XmlTest> into a @BeforeClass annotated Start.
For more information on native dependency injection please refer to https://testng.org/doc/documentation-main.html#native-dependency-injection
at java.base/java.util.ArrayList.forEach(ArrayList.java:1511)
... Removed 22 stack frames]]>
    </failure>
  </testcase> <!-- @BeforeClass Start -->
  <testcase classname="BusBooking.Available_Busses" name="run" time="0.001">
    <skipped/>
  </testcase> <!-- run -->
</testsuite> <!-- Test -->
