<?xml version="1.0" encoding="UTF-8"?>
<!-- Generated by org.testng.reporters.JUnitXMLReporter -->
<testsuite ignored="0" hostname="LAPTOP-Q98OKOC0" failures="0" tests="7" name="Test" time="34.28" errors="0" timestamp="2023-07-26T23:20:57 IST">
  <testcase classname="OrangeHRM.Testcase1_Admin" name="Admin_UserRole" time="6.399"/>
  <testcase classname="OrangeHRM.Testcase1_Admin" name="Admin_EmployeeName" time="8.141"/>
  <testcase classname="OrangeHRM.Testcase1_Admin" name="Admin_Status" time="3.122"/>
  <testcase classname="OrangeHRM.Testcase1_Admin" name="Admin_Username" time="3.061"/>
  <testcase classname="OrangeHRM.Testcase1_Admin" name="Admin_Password" time="3.062"/>
  <testcase classname="OrangeHRM.Testcase1_Admin" name="Admin_ConfirmPassword" time="9.14"/>
  <testcase classname="OrangeHRM.Testcase1_Admin" name="Admin_SystemUsername" time="1.127"/>
</testsuite> <!-- Test -->
