<?xml version="1.0" encoding="UTF-8"?>
<!-- Generated by org.testng.reporters.JUnitXMLReporter -->
<testsuite ignored="0" hostname="LAPTOP-Q98OKOC0" failures="0" tests="7" name="OrangeHrm" time="36.974" errors="0" timestamp="2023-08-13T01:31:45 IST">
  <testcase classname="OrangeHRM_SmokeTest.Testcase1_Admin" name="Admin_UserRole" time="2.89"/>
  <testcase classname="OrangeHRM_SmokeTest.Testcase1_Admin" name="Admin_EmployeeName" time="5.171"/>
  <testcase classname="OrangeHRM_SmokeTest.Testcase1_Admin" name="Admin_Status" time="2.141"/>
  <testcase classname="OrangeHRM_SmokeTest.Testcase1_Admin" name="Admin_Username" time="2.117"/>
  <testcase classname="OrangeHRM_SmokeTest.Testcase1_Admin" name="Admin_Password" time="2.073"/>
  <testcase classname="OrangeHRM_SmokeTest.Testcase1_Admin" name="Admin_ConfirmPassword" time="7.153"/>
  <testcase classname="OrangeHRM_SmokeTest.Testcase1_Admin" name="Admin_SystemUsername" time="1.443"/>
</testsuite> <!-- OrangeHrm -->
