<?xml version="1.0" encoding="UTF-8"?>
<testng-results ignored="0" total="7" passed="7" failed="0" skipped="0">
  <reporter-output>
  </reporter-output>
  <suite started-at="2023-08-13T01:31:08 IST" name="Suite" finished-at="2023-08-13T01:31:45 IST" duration-ms="36974">
    <groups>
    </groups>
    <test started-at="2023-08-13T01:31:08 IST" name="OrangeHrm" finished-at="2023-08-13T01:31:45 IST" duration-ms="36974">
      <class name="OrangeHRM_SmokeTest.Testcase1_Admin">
        <test-method is-config="true" signature="Start(java.lang.String)[pri:0, instance:OrangeHRM_SmokeTest.Testcase1_Admin@77192705]" started-at="2023-08-13T01:31:12 IST" name="Start" finished-at="2023-08-13T01:31:22 IST" duration-ms="10100" status="PASS">
          <params>
            <param index="0">
              <value>
                <![CDATA[Ordhrd]]>
              </value>
            </param>
          </params>
          <reporter-output>
          </reporter-output>
        </test-method> <!-- Start -->
        <test-method signature="Admin_UserRole()[pri:1, instance:OrangeHRM_SmokeTest.Testcase1_Admin@77192705]" started-at="2023-08-13T01:31:22 IST" name="Admin_UserRole" finished-at="2023-08-13T01:31:25 IST" duration-ms="2890" status="PASS">
          <reporter-output>
          </reporter-output>
        </test-method> <!-- Admin_UserRole -->
        <test-method signature="Admin_EmployeeName()[pri:2, instance:OrangeHRM_SmokeTest.Testcase1_Admin@77192705]" started-at="2023-08-13T01:31:25 IST" name="Admin_EmployeeName" finished-at="2023-08-13T01:31:30 IST" duration-ms="5171" status="PASS">
          <reporter-output>
          </reporter-output>
        </test-method> <!-- Admin_EmployeeName -->
        <test-method signature="Admin_Status()[pri:3, instance:OrangeHRM_SmokeTest.Testcase1_Admin@77192705]" started-at="2023-08-13T01:31:30 IST" name="Admin_Status" finished-at="2023-08-13T01:31:32 IST" duration-ms="2141" status="PASS">
          <reporter-output>
          </reporter-output>
        </test-method> <!-- Admin_Status -->
        <test-method signature="Admin_Username()[pri:4, instance:OrangeHRM_SmokeTest.Testcase1_Admin@77192705]" started-at="2023-08-13T01:31:32 IST" name="Admin_Username" finished-at="2023-08-13T01:31:34 IST" duration-ms="2117" status="PASS">
          <reporter-output>
          </reporter-output>
        </test-method> <!-- Admin_Username -->
        <test-method signature="Admin_Password()[pri:5, instance:OrangeHRM_SmokeTest.Testcase1_Admin@77192705]" started-at="2023-08-13T01:31:34 IST" name="Admin_Password" finished-at="2023-08-13T01:31:36 IST" duration-ms="2073" status="PASS">
          <reporter-output>
          </reporter-output>
        </test-method> <!-- Admin_Password -->
        <test-method signature="Admin_ConfirmPassword()[pri:6, instance:OrangeHRM_SmokeTest.Testcase1_Admin@77192705]" started-at="2023-08-13T01:31:36 IST" name="Admin_ConfirmPassword" finished-at="2023-08-13T01:31:43 IST" duration-ms="7153" status="PASS">
          <reporter-output>
          </reporter-output>
        </test-method> <!-- Admin_ConfirmPassword -->
        <test-method signature="Admin_SystemUsername()[pri:0, instance:OrangeHRM_SmokeTest.Testcase1_Admin@77192705]" started-at="2023-08-13T01:31:43 IST" name="Admin_SystemUsername" finished-at="2023-08-13T01:31:45 IST" depends-on-methods="OrangeHRM_SmokeTest.Testcase1_Admin.Admin_ConfirmPassword" duration-ms="1443" status="PASS">
          <reporter-output>
          </reporter-output>
        </test-method> <!-- Admin_SystemUsername -->
        <test-method is-config="true" signature="End()[pri:0, instance:OrangeHRM_SmokeTest.Testcase1_Admin@77192705]" started-at="2023-08-13T01:31:45 IST" name="End" finished-at="2023-08-13T01:31:45 IST" duration-ms="166" status="PASS">
          <reporter-output>
          </reporter-output>
        </test-method> <!-- End -->
      </class> <!-- OrangeHRM_SmokeTest.Testcase1_Admin -->
    </test> <!-- OrangeHrm -->
  </suite> <!-- Suite -->
</testng-results>
