<?xml version="1.0" encoding="UTF-8"?>
<testng-results ignored="0" total="14" passed="14" failed="0" skipped="0">
  <reporter-output>
  </reporter-output>
  <suite started-at="2025-05-03T18:59:57 IST" name="Suite" finished-at="2025-05-03T19:02:20 IST" duration-ms="143039">
    <groups>
    </groups>
    <test started-at="2025-05-03T18:59:57 IST" name="OrangeHrm" finished-at="2025-05-03T19:02:20 IST" duration-ms="143039">
      <class name="OrangeHRM_SmokeTest.Testcase2_Leave">
        <test-method is-config="true" signature="Start(java.lang.String)[pri:0, instance:OrangeHRM_SmokeTest.Testcase2_Leave@625e134e]" started-at="2025-05-03T19:00:31 IST" name="Start" finished-at="2025-05-03T19:00:37 IST" duration-ms="6497" status="PASS">
          <params>
            <param index="0">
              <value>
                <![CDATA[Ordhrd]]>
              </value>
            </param>
          </params>
          <reporter-output>
          </reporter-output>
        </test-method> <!-- Start -->
        <test-method signature="Leave_Accept()[pri:0, instance:OrangeHRM_SmokeTest.Testcase2_Leave@625e134e]" started-at="2025-05-03T19:00:37 IST" name="Leave_Accept" finished-at="2025-05-03T19:00:56 IST" duration-ms="18714" status="PASS">
          <reporter-output>
          </reporter-output>
        </test-method> <!-- Leave_Accept -->
        <test-method is-config="true" signature="End()[pri:0, instance:OrangeHRM_SmokeTest.Testcase2_Leave@625e134e]" started-at="2025-05-03T19:00:56 IST" name="End" finished-at="2025-05-03T19:00:56 IST" duration-ms="119" status="PASS">
          <reporter-output>
          </reporter-output>
        </test-method> <!-- End -->
      </class> <!-- OrangeHRM_SmokeTest.Testcase2_Leave -->
      <class name="OrangeHRM_SmokeTest.Testcase4_PersonalInfo">
        <test-method is-config="true" signature="Start(java.lang.String)[pri:0, instance:OrangeHRM_SmokeTest.Testcase4_PersonalInfo@89c10b7]" started-at="2025-05-03T19:01:12 IST" name="Start" finished-at="2025-05-03T19:01:21 IST" duration-ms="8994" status="PASS">
          <params>
            <param index="0">
              <value>
                <![CDATA[Ordhrd]]>
              </value>
            </param>
          </params>
          <reporter-output>
          </reporter-output>
        </test-method> <!-- Start -->
        <test-method signature="PIM_AddEmployee()[pri:1, instance:OrangeHRM_SmokeTest.Testcase4_PersonalInfo@89c10b7]" started-at="2025-05-03T19:01:21 IST" name="PIM_AddEmployee" finished-at="2025-05-03T19:01:34 IST" duration-ms="13335" status="PASS">
          <reporter-output>
          </reporter-output>
        </test-method> <!-- PIM_AddEmployee -->
        <test-method signature="PersonalDetails()[pri:2, instance:OrangeHRM_SmokeTest.Testcase4_PersonalInfo@89c10b7]" started-at="2025-05-03T19:01:34 IST" name="PersonalDetails" finished-at="2025-05-03T19:01:58 IST" duration-ms="23576" status="PASS">
          <reporter-output>
          </reporter-output>
        </test-method> <!-- PersonalDetails -->
        <test-method is-config="true" signature="End()[pri:0, instance:OrangeHRM_SmokeTest.Testcase4_PersonalInfo@89c10b7]" started-at="2025-05-03T19:01:58 IST" name="End" finished-at="2025-05-03T19:01:58 IST" duration-ms="96" status="PASS">
          <reporter-output>
          </reporter-output>
        </test-method> <!-- End -->
      </class> <!-- OrangeHRM_SmokeTest.Testcase4_PersonalInfo -->
      <class name="OrangeHRM_SmokeTest.Testcase3_Recruitment">
        <test-method is-config="true" signature="Start(java.lang.String)[pri:0, instance:OrangeHRM_SmokeTest.Testcase3_Recruitment@72bd06ca]" started-at="2025-05-03T19:00:56 IST" name="Start" finished-at="2025-05-03T19:01:02 IST" duration-ms="6133" status="PASS">
          <params>
            <param index="0">
              <value>
                <![CDATA[Ordhrd]]>
              </value>
            </param>
          </params>
          <reporter-output>
          </reporter-output>
        </test-method> <!-- Start -->
        <test-method signature="Recruitment_HiredList()[pri:0, instance:OrangeHRM_SmokeTest.Testcase3_Recruitment@72bd06ca]" started-at="2025-05-03T19:01:02 IST" name="Recruitment_HiredList" finished-at="2025-05-03T19:01:08 IST" duration-ms="6453" status="PASS">
          <reporter-output>
          </reporter-output>
        </test-method> <!-- Recruitment_HiredList -->
        <test-method signature="Recruitment_RejectionList1()[pri:0, instance:OrangeHRM_SmokeTest.Testcase3_Recruitment@72bd06ca]" started-at="2025-05-03T19:01:08 IST" name="Recruitment_RejectionList1" finished-at="2025-05-03T19:01:10 IST" duration-ms="1080" status="PASS">
          <reporter-output>
          </reporter-output>
        </test-method> <!-- Recruitment_RejectionList1 -->
        <test-method signature="Recruitment_Rejected1()[pri:0, instance:OrangeHRM_SmokeTest.Testcase3_Recruitment@72bd06ca]" started-at="2025-05-03T19:01:10 IST" name="Recruitment_Rejected1" finished-at="2025-05-03T19:01:12 IST" depends-on-methods="OrangeHRM_SmokeTest.Testcase3_Recruitment.Recruitment_RejectionList1" duration-ms="2405" status="PASS">
          <reporter-output>
          </reporter-output>
        </test-method> <!-- Recruitment_Rejected1 -->
        <test-method is-config="true" signature="End()[pri:0, instance:OrangeHRM_SmokeTest.Testcase3_Recruitment@72bd06ca]" started-at="2025-05-03T19:01:12 IST" name="End" finished-at="2025-05-03T19:01:12 IST" duration-ms="97" status="PASS">
          <reporter-output>
          </reporter-output>
        </test-method> <!-- End -->
      </class> <!-- OrangeHRM_SmokeTest.Testcase3_Recruitment -->
      <class name="OrangeHRM_SmokeTest.Testcase1_Admin">
        <test-method is-config="true" signature="Start(java.lang.String)[pri:0, instance:OrangeHRM_SmokeTest.Testcase1_Admin@5241cf67]" started-at="2025-05-03T18:59:58 IST" name="Start" finished-at="2025-05-03T19:00:06 IST" duration-ms="8051" status="PASS">
          <params>
            <param index="0">
              <value>
                <![CDATA[Ordhrd]]>
              </value>
            </param>
          </params>
          <reporter-output>
          </reporter-output>
        </test-method> <!-- Start -->
        <test-method signature="Admin_UserRole()[pri:1, instance:OrangeHRM_SmokeTest.Testcase1_Admin@5241cf67]" started-at="2025-05-03T19:00:06 IST" name="Admin_UserRole" finished-at="2025-05-03T19:00:10 IST" duration-ms="4404" status="PASS">
          <reporter-output>
          </reporter-output>
        </test-method> <!-- Admin_UserRole -->
        <test-method signature="Admin_EmployeeName()[pri:2, instance:OrangeHRM_SmokeTest.Testcase1_Admin@5241cf67]" started-at="2025-05-03T19:00:10 IST" name="Admin_EmployeeName" finished-at="2025-05-03T19:00:16 IST" duration-ms="5232" status="PASS">
          <reporter-output>
          </reporter-output>
        </test-method> <!-- Admin_EmployeeName -->
        <test-method signature="Admin_Status()[pri:3, instance:OrangeHRM_SmokeTest.Testcase1_Admin@5241cf67]" started-at="2025-05-03T19:00:16 IST" name="Admin_Status" finished-at="2025-05-03T19:00:18 IST" duration-ms="2335" status="PASS">
          <reporter-output>
          </reporter-output>
        </test-method> <!-- Admin_Status -->
        <test-method signature="Admin_Username()[pri:4, instance:OrangeHRM_SmokeTest.Testcase1_Admin@5241cf67]" started-at="2025-05-03T19:00:18 IST" name="Admin_Username" finished-at="2025-05-03T19:00:20 IST" duration-ms="2122" status="PASS">
          <reporter-output>
          </reporter-output>
        </test-method> <!-- Admin_Username -->
        <test-method signature="Admin_Password()[pri:5, instance:OrangeHRM_SmokeTest.Testcase1_Admin@5241cf67]" started-at="2025-05-03T19:00:20 IST" name="Admin_Password" finished-at="2025-05-03T19:00:22 IST" duration-ms="2102" status="PASS">
          <reporter-output>
          </reporter-output>
        </test-method> <!-- Admin_Password -->
        <test-method signature="Admin_ConfirmPassword()[pri:6, instance:OrangeHRM_SmokeTest.Testcase1_Admin@5241cf67]" started-at="2025-05-03T19:00:22 IST" name="Admin_ConfirmPassword" finished-at="2025-05-03T19:00:29 IST" duration-ms="7187" status="PASS">
          <reporter-output>
          </reporter-output>
        </test-method> <!-- Admin_ConfirmPassword -->
        <test-method signature="Admin_SystemUsername()[pri:0, instance:OrangeHRM_SmokeTest.Testcase1_Admin@5241cf67]" started-at="2025-05-03T19:00:29 IST" name="Admin_SystemUsername" finished-at="2025-05-03T19:00:30 IST" depends-on-methods="OrangeHRM_SmokeTest.Testcase1_Admin.Admin_ConfirmPassword" duration-ms="1147" status="PASS">
          <reporter-output>
          </reporter-output>
        </test-method> <!-- Admin_SystemUsername -->
        <test-method is-config="true" signature="End()[pri:0, instance:OrangeHRM_SmokeTest.Testcase1_Admin@5241cf67]" started-at="2025-05-03T19:00:30 IST" name="End" finished-at="2025-05-03T19:00:31 IST" duration-ms="79" status="PASS">
          <reporter-output>
          </reporter-output>
        </test-method> <!-- End -->
      </class> <!-- OrangeHRM_SmokeTest.Testcase1_Admin -->
      <class name="OrangeHRM_SmokeTest.Testcase5_Maintenance">
        <test-method is-config="true" signature="Start(java.lang.String)[pri:0, instance:OrangeHRM_SmokeTest.Testcase5_Maintenance@5dbe30be]" started-at="2025-05-03T19:01:58 IST" name="Start" finished-at="2025-05-03T19:02:04 IST" duration-ms="6393" status="PASS">
          <params>
            <param index="0">
              <value>
                <![CDATA[Ordhrd]]>
              </value>
            </param>
          </params>
          <reporter-output>
          </reporter-output>
        </test-method> <!-- Start -->
        <test-method signature="AccessRecords()[pri:0, instance:OrangeHRM_SmokeTest.Testcase5_Maintenance@5dbe30be]" started-at="2025-05-03T19:02:04 IST" name="AccessRecords" finished-at="2025-05-03T19:02:20 IST" duration-ms="15058" status="PASS">
          <reporter-output>
          </reporter-output>
        </test-method> <!-- AccessRecords -->
        <test-method is-config="true" signature="End()[pri:0, instance:OrangeHRM_SmokeTest.Testcase5_Maintenance@5dbe30be]" started-at="2025-05-03T19:02:20 IST" name="End" finished-at="2025-05-03T19:02:20 IST" duration-ms="67" status="PASS">
          <reporter-output>
          </reporter-output>
        </test-method> <!-- End -->
      </class> <!-- OrangeHRM_SmokeTest.Testcase5_Maintenance -->
    </test> <!-- OrangeHrm -->
  </suite> <!-- Suite -->
</testng-results>
