<?xml version="1.0" encoding="UTF-8"?>
<testsuite xmlns:xsi="http://www.w3.org/2001/XMLSchema-instance" xsi:noNamespaceSchemaLocation="https://maven.apache.org/surefire/maven-surefire-plugin/xsd/surefire-test-report-3.0.xsd" version="3.0" name="TestSuite" time="38.683" tests="7" errors="0" skipped="0" failures="0">
  <properties>
[...]
</properties>
  <testcase name="Admin_UserRole" classname="OrangeHRM_SmokeTest.Testcase1_Admin" time="2.888">
    <system-out><![CDATA[01:31:08.402 [main] INFO  Common.Listener - Test Suite: OrangeHrm started.
onStart method started
200
200
JSESSIONID   : 0C6E5E6E11D4DE9764C9A5F1C9073D27
01:31:22.186 [main] INFO  Common.Listener - Test Method: Admin_UserRole started.
New Test StartedAdmin_UserRole
Check ESS
01:31:25.074 [main] INFO  Common.Listener - Test Method: Admin_UserRole passed.
onTestSuccess MethodAdmin_UserRole
]]></system-out>
    <system-err><![CDATA[SLF4J: Failed to load class "org.slf4j.impl.StaticLoggerBinder".
SLF4J: Defaulting to no-operation (NOP) logger implementation
SLF4J: See http://www.slf4j.org/codes.html#StaticLoggerBinder for further details.
Aug 13, 2023 1:31:12 AM org.openqa.selenium.remote.service.DriverService$Builder getLogOutput
INFO: Driver logs no longer sent to console by default; https://www.selenium.dev/documentation/webdriver/drivers/service/#setting-log-output
Aug 13, 2023 1:31:14 AM org.openqa.selenium.devtools.CdpVersionFinder findNearestMatch
WARNING: Unable to find an exact match for CDP version 115, so returning the closest version found: 114
]]></system-err>
  </testcase>
  <testcase name="Admin_EmployeeName" classname="OrangeHRM_SmokeTest.Testcase1_Admin" time="5.161">
    <system-out><![CDATA[01:31:25.074 [main] INFO  Common.Listener - Test Method: Admin_EmployeeName started.
New Test StartedAdmin_EmployeeName
Check 
Chenzira  Chuki
01:31:30.245 [main] INFO  Common.Listener - Test Method: Admin_EmployeeName passed.
onTestSuccess MethodAdmin_EmployeeName
]]></system-out>
  </testcase>
  <testcase name="Admin_Status" classname="OrangeHRM_SmokeTest.Testcase1_Admin" time="2.143">
    <system-out><![CDATA[01:31:30.245 [main] INFO  Common.Listener - Test Method: Admin_Status started.
New Test StartedAdmin_Status
Check Enabled
01:31:32.387 [main] INFO  Common.Listener - Test Method: Admin_Status passed.
onTestSuccess MethodAdmin_Status
]]></system-out>
  </testcase>
  <testcase name="Admin_Username" classname="OrangeHRM_SmokeTest.Testcase1_Admin" time="2.116">
    <system-out><![CDATA[01:31:32.389 [main] INFO  Common.Listener - Test Method: Admin_Username started.
New Test StartedAdmin_Username
Check 448924A
01:31:34.506 [main] INFO  Common.Listener - Test Method: Admin_Username passed.
onTestSuccess MethodAdmin_Username
]]></system-out>
  </testcase>
  <testcase name="Admin_Password" classname="OrangeHRM_SmokeTest.Testcase1_Admin" time="2.073">
    <system-out><![CDATA[01:31:34.507 [main] INFO  Common.Listener - Test Method: Admin_Password started.
New Test StartedAdmin_Password
Check password32
01:31:36.580 [main] INFO  Common.Listener - Test Method: Admin_Password passed.
onTestSuccess MethodAdmin_Password
]]></system-out>
  </testcase>
  <testcase name="Admin_ConfirmPassword" classname="OrangeHRM_SmokeTest.Testcase1_Admin" time="7.154">
    <system-out><![CDATA[01:31:36.580 [main] INFO  Common.Listener - Test Method: Admin_ConfirmPassword started.
New Test StartedAdmin_ConfirmPassword
Check password32
01:31:43.733 [main] INFO  Common.Listener - Test Method: Admin_ConfirmPassword passed.
onTestSuccess MethodAdmin_ConfirmPassword
]]></system-out>
  </testcase>
  <testcase name="Admin_SystemUsername" classname="OrangeHRM_SmokeTest.Testcase1_Admin" time="1.452">
    <system-out><![CDATA[01:31:43.737 [main] INFO  Common.Listener - Test Method: Admin_SystemUsername started.
New Test StartedAdmin_SystemUsername
01:31:45.190 [main] INFO  Common.Listener - Test Method: Admin_SystemUsername passed.
onTestSuccess MethodAdmin_SystemUsername
]]></system-out>
  </testcase>
</testsuite>