<?xml version="1.0" encoding="UTF-8"?>
<testng-results ignored="0" total="14" passed="14" failed="0" skipped="0">
  <reporter-output>
  </reporter-output>
  <suite started-at="2025-06-22T09:13:59 IST" name="Suite" finished-at="2025-06-22T09:16:55 IST" duration-ms="176163">
    <groups>
    </groups>
    <test started-at="2025-06-22T09:13:59 IST" name="OrangeHrm" finished-at="2025-06-22T09:16:55 IST" duration-ms="176163">
      <class name="OrangeHRM_SmokeTest.Testcase2_Leave">
        <test-method is-config="true" signature="Start(java.lang.String)[pri:0, instance:OrangeHRM_SmokeTest.Testcase2_Leave@751d3241]" started-at="2025-06-22T09:14:34 IST" name="Start" finished-at="2025-06-22T09:14:40 IST" duration-ms="6252" status="PASS">
          <params>
            <param index="0">
              <value>
                <![CDATA[Ordhrd]]>
              </value>
            </param>
          </params>
          <reporter-output>
          </reporter-output>
        </test-method> <!-- Start -->
        <test-method signature="Leave_Accept()[pri:0, instance:OrangeHRM_SmokeTest.Testcase2_Leave@751d3241]" started-at="2025-06-22T09:14:40 IST" name="Leave_Accept" finished-at="2025-06-22T09:14:58 IST" duration-ms="17934" status="PASS">
          <reporter-output>
          </reporter-output>
        </test-method> <!-- Leave_Accept -->
        <test-method is-config="true" signature="End()[pri:0, instance:OrangeHRM_SmokeTest.Testcase2_Leave@751d3241]" started-at="2025-06-22T09:14:58 IST" name="End" finished-at="2025-06-22T09:14:58 IST" duration-ms="128" status="PASS">
          <reporter-output>
          </reporter-output>
        </test-method> <!-- End -->
      </class> <!-- OrangeHRM_SmokeTest.Testcase2_Leave -->
      <class name="OrangeHRM_SmokeTest.Testcase4_PersonalInfo">
        <test-method is-config="true" signature="Start(java.lang.String)[pri:0, instance:OrangeHRM_SmokeTest.Testcase4_PersonalInfo@64337702]" started-at="2025-06-22T09:15:47 IST" name="Start" finished-at="2025-06-22T09:15:57 IST" duration-ms="9777" status="PASS">
          <params>
            <param index="0">
              <value>
                <![CDATA[Ordhrd]]>
              </value>
            </param>
          </params>
          <reporter-output>
          </reporter-output>
        </test-method> <!-- Start -->
        <test-method signature="PIM_AddEmployee()[pri:1, instance:OrangeHRM_SmokeTest.Testcase4_PersonalInfo@64337702]" started-at="2025-06-22T09:15:57 IST" name="PIM_AddEmployee" finished-at="2025-06-22T09:16:10 IST" duration-ms="13269" status="PASS">
          <reporter-output>
          </reporter-output>
        </test-method> <!-- PIM_AddEmployee -->
        <test-method signature="PersonalDetails()[pri:2, instance:OrangeHRM_SmokeTest.Testcase4_PersonalInfo@64337702]" started-at="2025-06-22T09:16:10 IST" name="PersonalDetails" finished-at="2025-06-22T09:16:33 IST" duration-ms="23378" status="PASS">
          <reporter-output>
          </reporter-output>
        </test-method> <!-- PersonalDetails -->
        <test-method is-config="true" signature="End()[pri:0, instance:OrangeHRM_SmokeTest.Testcase4_PersonalInfo@64337702]" started-at="2025-06-22T09:16:33 IST" name="End" finished-at="2025-06-22T09:16:34 IST" duration-ms="141" status="PASS">
          <reporter-output>
          </reporter-output>
        </test-method> <!-- End -->
      </class> <!-- OrangeHRM_SmokeTest.Testcase4_PersonalInfo -->
      <class name="OrangeHRM_SmokeTest.Testcase3_Recruitment">
        <test-method is-config="true" signature="Start(java.lang.String)[pri:0, instance:OrangeHRM_SmokeTest.Testcase3_Recruitment@76c7beb3]" started-at="2025-06-22T09:14:58 IST" name="Start" finished-at="2025-06-22T09:15:05 IST" duration-ms="6406" status="PASS">
          <params>
            <param index="0">
              <value>
                <![CDATA[Ordhrd]]>
              </value>
            </param>
          </params>
          <reporter-output>
          </reporter-output>
        </test-method> <!-- Start -->
        <test-method signature="Recruitment_HiredList()[pri:0, instance:OrangeHRM_SmokeTest.Testcase3_Recruitment@76c7beb3]" started-at="2025-06-22T09:15:05 IST" name="Recruitment_HiredList" finished-at="2025-06-22T09:15:11 IST" duration-ms="6082" status="PASS">
          <reporter-output>
          </reporter-output>
        </test-method> <!-- Recruitment_HiredList -->
        <test-method signature="Recruitment_RejectionList1()[pri:0, instance:OrangeHRM_SmokeTest.Testcase3_Recruitment@76c7beb3]" started-at="2025-06-22T09:15:11 IST" name="Recruitment_RejectionList1" finished-at="2025-06-22T09:15:12 IST" duration-ms="1254" status="PASS">
          <reporter-output>
          </reporter-output>
        </test-method> <!-- Recruitment_RejectionList1 -->
        <test-method signature="Recruitment_Rejected1()[pri:0, instance:OrangeHRM_SmokeTest.Testcase3_Recruitment@76c7beb3]" started-at="2025-06-22T09:15:12 IST" name="Recruitment_Rejected1" finished-at="2025-06-22T09:15:47 IST" depends-on-methods="OrangeHRM_SmokeTest.Testcase3_Recruitment.Recruitment_RejectionList1" duration-ms="35042" status="PASS">
          <reporter-output>
          </reporter-output>
        </test-method> <!-- Recruitment_Rejected1 -->
        <test-method is-config="true" signature="End()[pri:0, instance:OrangeHRM_SmokeTest.Testcase3_Recruitment@76c7beb3]" started-at="2025-06-22T09:15:47 IST" name="End" finished-at="2025-06-22T09:15:47 IST" duration-ms="131" status="PASS">
          <reporter-output>
          </reporter-output>
        </test-method> <!-- End -->
      </class> <!-- OrangeHRM_SmokeTest.Testcase3_Recruitment -->
      <class name="OrangeHRM_SmokeTest.Testcase1_Admin">
        <test-method is-config="true" signature="Start(java.lang.String)[pri:0, instance:OrangeHRM_SmokeTest.Testcase1_Admin@119f1f2a]" started-at="2025-06-22T09:14:00 IST" name="Start" finished-at="2025-06-22T09:14:09 IST" duration-ms="9098" status="PASS">
          <params>
            <param index="0">
              <value>
                <![CDATA[Ordhrd]]>
              </value>
            </param>
          </params>
          <reporter-output>
          </reporter-output>
        </test-method> <!-- Start -->
        <test-method signature="Admin_UserRole()[pri:1, instance:OrangeHRM_SmokeTest.Testcase1_Admin@119f1f2a]" started-at="2025-06-22T09:14:09 IST" name="Admin_UserRole" finished-at="2025-06-22T09:14:14 IST" duration-ms="4366" status="PASS">
          <reporter-output>
          </reporter-output>
        </test-method> <!-- Admin_UserRole -->
        <test-method signature="Admin_EmployeeName()[pri:2, instance:OrangeHRM_SmokeTest.Testcase1_Admin@119f1f2a]" started-at="2025-06-22T09:14:14 IST" name="Admin_EmployeeName" finished-at="2025-06-22T09:14:19 IST" duration-ms="5165" status="PASS">
          <reporter-output>
          </reporter-output>
        </test-method> <!-- Admin_EmployeeName -->
        <test-method signature="Admin_Status()[pri:3, instance:OrangeHRM_SmokeTest.Testcase1_Admin@119f1f2a]" started-at="2025-06-22T09:14:19 IST" name="Admin_Status" finished-at="2025-06-22T09:14:21 IST" duration-ms="2203" status="PASS">
          <reporter-output>
          </reporter-output>
        </test-method> <!-- Admin_Status -->
        <test-method signature="Admin_Username()[pri:4, instance:OrangeHRM_SmokeTest.Testcase1_Admin@119f1f2a]" started-at="2025-06-22T09:14:21 IST" name="Admin_Username" finished-at="2025-06-22T09:14:23 IST" duration-ms="2149" status="PASS">
          <reporter-output>
          </reporter-output>
        </test-method> <!-- Admin_Username -->
        <test-method signature="Admin_Password()[pri:5, instance:OrangeHRM_SmokeTest.Testcase1_Admin@119f1f2a]" started-at="2025-06-22T09:14:23 IST" name="Admin_Password" finished-at="2025-06-22T09:14:25 IST" duration-ms="2107" status="PASS">
          <reporter-output>
          </reporter-output>
        </test-method> <!-- Admin_Password -->
        <test-method signature="Admin_ConfirmPassword()[pri:6, instance:OrangeHRM_SmokeTest.Testcase1_Admin@119f1f2a]" started-at="2025-06-22T09:14:25 IST" name="Admin_ConfirmPassword" finished-at="2025-06-22T09:14:33 IST" duration-ms="7154" status="PASS">
          <reporter-output>
          </reporter-output>
        </test-method> <!-- Admin_ConfirmPassword -->
        <test-method signature="Admin_SystemUsername()[pri:0, instance:OrangeHRM_SmokeTest.Testcase1_Admin@119f1f2a]" started-at="2025-06-22T09:14:33 IST" name="Admin_SystemUsername" finished-at="2025-06-22T09:14:34 IST" depends-on-methods="OrangeHRM_SmokeTest.Testcase1_Admin.Admin_ConfirmPassword" duration-ms="1141" status="PASS">
          <reporter-output>
          </reporter-output>
        </test-method> <!-- Admin_SystemUsername -->
        <test-method is-config="true" signature="End()[pri:0, instance:OrangeHRM_SmokeTest.Testcase1_Admin@119f1f2a]" started-at="2025-06-22T09:14:34 IST" name="End" finished-at="2025-06-22T09:14:34 IST" duration-ms="191" status="PASS">
          <reporter-output>
          </reporter-output>
        </test-method> <!-- End -->
      </class> <!-- OrangeHRM_SmokeTest.Testcase1_Admin -->
      <class name="OrangeHRM_SmokeTest.Testcase5_Maintenance">
        <test-method is-config="true" signature="Start(java.lang.String)[pri:0, instance:OrangeHRM_SmokeTest.Testcase5_Maintenance@2cf92cc7]" started-at="2025-06-22T09:16:34 IST" name="Start" finished-at="2025-06-22T09:16:40 IST" duration-ms="6346" status="PASS">
          <params>
            <param index="0">
              <value>
                <![CDATA[Ordhrd]]>
              </value>
            </param>
          </params>
          <reporter-output>
          </reporter-output>
        </test-method> <!-- Start -->
        <test-method signature="AccessRecords()[pri:0, instance:OrangeHRM_SmokeTest.Testcase5_Maintenance@2cf92cc7]" started-at="2025-06-22T09:16:40 IST" name="AccessRecords" finished-at="2025-06-22T09:16:55 IST" duration-ms="15183" status="PASS">
          <reporter-output>
          </reporter-output>
        </test-method> <!-- AccessRecords -->
        <test-method is-config="true" signature="End()[pri:0, instance:OrangeHRM_SmokeTest.Testcase5_Maintenance@2cf92cc7]" started-at="2025-06-22T09:16:55 IST" name="End" finished-at="2025-06-22T09:16:55 IST" duration-ms="123" status="PASS">
          <reporter-output>
          </reporter-output>
        </test-method> <!-- End -->
      </class> <!-- OrangeHRM_SmokeTest.Testcase5_Maintenance -->
    </test> <!-- OrangeHrm -->
  </suite> <!-- Suite -->
</testng-results>
