<?xml version="1.0" encoding="UTF-8"?>
<!-- Generated by org.testng.reporters.JUnitReportReporter -->
<testsuite hostname="LAPTOP-Q98OKOC0" failures="0" tests="3" name="OrangeHRM_SmokeTest.Testcase3_Recruitment" time="35.143" errors="0" timestamp="2025-09-06T15:18:46 IST" skipped="0">
  <testcase classname="OrangeHRM_SmokeTest.Testcase3_Recruitment" name="Recruitment_HiredList" time="6.460"/>
  <system-out/>
  <testcase classname="OrangeHRM_SmokeTest.Testcase3_Recruitment" name="Recruitment_Rejected1" time="27.248"/>
  <system-out/>
  <testcase classname="OrangeHRM_SmokeTest.Testcase3_Recruitment" name="Recruitment_RejectionList1" time="1.435"/>
  <system-out/>
</testsuite> <!-- OrangeHRM_SmokeTest.Testcase3_Recruitment -->
