<?xml version="1.0" encoding="UTF-8"?>
<!-- Generated by org.testng.reporters.JUnitReportReporter -->
<testsuite hostname="LAPTOP-Q98OKOC0" failures="0" tests="3" name="OrangeHRM_SmokeTest.Testcase3_Recruitment" time="42.378" errors="0" timestamp="2025-06-22T09:16:56 IST" skipped="0">
  <testcase classname="OrangeHRM_SmokeTest.Testcase3_Recruitment" name="Recruitment_RejectionList1" time="1.254"/>
  <system-out/>
  <testcase classname="OrangeHRM_SmokeTest.Testcase3_Recruitment" name="Recruitment_HiredList" time="6.082"/>
  <system-out/>
  <testcase classname="OrangeHRM_SmokeTest.Testcase3_Recruitment" name="Recruitment_Rejected1" time="35.042"/>
  <system-out/>
</testsuite> <!-- OrangeHRM_SmokeTest.Testcase3_Recruitment -->
