<?xml version="1.0" encoding="UTF-8"?>
<!-- Generated by org.testng.reporters.JUnitReportReporter -->
<testsuite hostname="LAPTOP-Q98OKOC0" failures="0" tests="2" name="OrangeHRM_SmokeTest.Testcase4_PersonalInfo" time="37.188" errors="0" timestamp="2025-09-06T15:18:46 IST" skipped="0">
  <testcase classname="OrangeHRM_SmokeTest.Testcase4_PersonalInfo" name="PIM_AddEmployee" time="13.325"/>
  <system-out/>
  <testcase classname="OrangeHRM_SmokeTest.Testcase4_PersonalInfo" name="PersonalDetails" time="23.863"/>
  <system-out/>
</testsuite> <!-- OrangeHRM_SmokeTest.Testcase4_PersonalInfo -->
